2006.04.28 15:33 B D:\mysite2\images\bg_bottom.jpg --> www.theroswellgroup.com /www/all_projects/mysite2/images bg_bottom.jpg
2006.04.28 15:33 B D:\mysite2\images\bg_bottom54H.jpg --> www.theroswellgroup.com /www/all_projects/mysite2/images bg_bottom54H.jpg
2006.04.28 15:33 B D:\mysite2\images\blue_line.jpg --> www.theroswellgroup.com /www/all_projects/mysite2/images blue_line.jpg
2006.04.28 15:33 B D:\mysite2\images\blue_line2px.jpg --> www.theroswellgroup.com /www/all_projects/mysite2/images blue_line2px.jpg
2006.04.28 15:33 B D:\mysite2\images\bullet9x15.jpg --> www.theroswellgroup.com /www/all_projects/mysite2/images bullet9x15.jpg
2006.04.28 15:33 B D:\mysite2\images\bullet9x15b.jpg --> www.theroswellgroup.com /www/all_projects/mysite2/images bullet9x15b.jpg
2006.04.28 15:33 B D:\mysite2\images\bullet9x18.jpg --> www.theroswellgroup.com /www/all_projects/mysite2/images bullet9x18.jpg
2006.04.28 15:33 B D:\mysite2\images\bullet9x18b.jpg --> www.theroswellgroup.com /www/all_projects/mysite2/images bullet9x18b.jpg
2006.04.28 15:33 B D:\mysite2\images\bullet9x9.jpg --> www.theroswellgroup.com /www/all_projects/mysite2/images bullet9x9.jpg
2006.04.28 15:33 B D:\mysite2\images\bullet9x9b.jpg --> www.theroswellgroup.com /www/all_projects/mysite2/images bullet9x9b.jpg
2006.04.28 15:33 B D:\mysite2\images\egn-flag.jpg --> www.theroswellgroup.com /www/all_projects/mysite2/images egn-flag.jpg
2006.04.28 15:33 B D:\mysite2\images\green_line.jpg --> www.theroswellgroup.com /www/all_projects/mysite2/images green_line.jpg
2006.04.28 15:33 B D:\mysite2\images\greenLine2x1.jpg --> www.theroswellgroup.com /www/all_projects/mysite2/images greenLine2x1.jpg
2006.04.28 15:33 B D:\mysite2\images\language.jpg --> www.theroswellgroup.com /www/all_projects/mysite2/images language.jpg
2006.04.28 15:33 B D:\mysite2\images\logo230x140.jpg --> www.theroswellgroup.com /www/all_projects/mysite2/images logo230x140.jpg
2006.04.28 15:33 B D:\mysite2\images\logo230x140b.jpg --> www.theroswellgroup.com /www/all_projects/mysite2/images logo230x140b.jpg
2006.04.28 15:33 B D:\mysite2\images\long_green_names.jpg --> www.theroswellgroup.com /www/all_projects/mysite2/images long_green_names.jpg
2006.04.28 15:33 B D:\mysite2\images\long_green_names18px.jpg --> www.theroswellgroup.com /www/all_projects/mysite2/images long_green_names18px.jpg
2006.04.28 15:33 B D:\mysite2\images\longStrip.jpg --> www.theroswellgroup.com /www/all_projects/mysite2/images longStrip.jpg
2006.04.28 15:33 B D:\mysite2\images\longStrip2.jpg --> www.theroswellgroup.com /www/all_projects/mysite2/images longStrip2.jpg
2006.04.28 15:33 B D:\mysite2\images\roswell_logo.jpg --> www.theroswellgroup.com /www/all_projects/mysite2/images roswell_logo.jpg
2006.04.28 15:33 B D:\mysite2\images\search_b.jpg --> www.theroswellgroup.com /www/all_projects/mysite2/images search_b.jpg
2006.04.28 15:33 B D:\mysite2\images\servicesText296x20.jpg --> www.theroswellgroup.com /www/all_projects/mysite2/images servicesText296x20.jpg
2006.04.28 15:33 B D:\mysite2\images\servicesText296x20b.jpg --> www.theroswellgroup.com /www/all_projects/mysite2/images servicesText296x20b.jpg
2006.04.28 15:33 B D:\mysite2\images\spn-flag.jpg --> www.theroswellgroup.com /www/all_projects/mysite2/images spn-flag.jpg
2006.04.28 15:33 B D:\mysite2\images\top_bg.jpg --> www.theroswellgroup.com /www/all_projects/mysite2/images top_bg.jpg
2006.04.28 15:33 B D:\mysite2\images\top_bg2.jpg --> www.theroswellgroup.com /www/all_projects/mysite2/images top_bg2.jpg
2006.04.28 15:33 B D:\mysite2\images\trg_logo.jpg --> www.theroswellgroup.com /www/all_projects/mysite2/images trg_logo.jpg
2006.04.28 15:33 B D:\mysite2\images\webDesing_services.jpg --> www.theroswellgroup.com /www/all_projects/mysite2/images webDesing_services.jpg
2006.04.28 15:33 B D:\mysite2\images\webDesing_servicesb.jpg --> www.theroswellgroup.com /www/all_projects/mysite2/images webDesing_servicesb.jpg
2006.05.03 02:49 B D:\trg\mysite2\images\green_line_no_white.jpg --> www.theroswellgroup.com /public_html/all_projects/mysite/images green_line_no_white.jpg
2006.05.03 02:49 B D:\trg\mysite2\images\palitoBlue.jpg --> www.theroswellgroup.com /public_html/all_projects/mysite/images palitoBlue.jpg
2006.05.03 02:49 B D:\trg\mysite2\images\palitoGreen.jpg --> www.theroswellgroup.com /public_html/all_projects/mysite/images palitoGreen.jpg
2006.05.03 02:49 B D:\trg\mysite2\images\t-m-cliients-off.jpg --> www.theroswellgroup.com /public_html/all_projects/mysite/images t-m-cliients-off.jpg
2006.05.03 02:49 B D:\trg\mysite2\images\t-m-cliients-on.jpg --> www.theroswellgroup.com /public_html/all_projects/mysite/images t-m-cliients-on.jpg
2006.05.03 02:49 B D:\trg\mysite2\images\t-m-portfolio-off.jpg --> www.theroswellgroup.com /public_html/all_projects/mysite/images t-m-portfolio-off.jpg
2006.05.03 02:49 B D:\trg\mysite2\images\t-m-portfolio-on.jpg --> www.theroswellgroup.com /public_html/all_projects/mysite/images t-m-portfolio-on.jpg
2006.05.03 02:49 B D:\trg\mysite2\images\t-m-product-off.jpg --> www.theroswellgroup.com /public_html/all_projects/mysite/images t-m-product-off.jpg
2006.05.03 02:49 B D:\trg\mysite2\images\t-m-product-on.jpg --> www.theroswellgroup.com /public_html/all_projects/mysite/images t-m-product-on.jpg
2006.05.03 02:49 B D:\trg\mysite2\images\t-m-services-off.jpg --> www.theroswellgroup.com /public_html/all_projects/mysite/images t-m-services-off.jpg
2006.05.03 02:49 B D:\trg\mysite2\images\t-m-services-on.jpg --> www.theroswellgroup.com /public_html/all_projects/mysite/images t-m-services-on.jpg
2006.05.03 02:49 B D:\trg\mysite2\images\t-m-tech-off.jpg --> www.theroswellgroup.com /public_html/all_projects/mysite/images t-m-tech-off.jpg
2006.05.03 02:49 B D:\trg\mysite2\images\t-m-tech-on.jpg --> www.theroswellgroup.com /public_html/all_projects/mysite/images t-m-tech-on.jpg
2006.05.03 02:49 B D:\trg\mysite2\images\WS_FTP.LOG --> www.theroswellgroup.com /public_html/all_projects/mysite/images WS_FTP.LOG
2006.05.03 02:56 B D:\trg\mysite2\images\servicesText296x20.jpg --> www.theroswellgroup.com /public_html/all_projects/mysite/images servicesText296x20.jpg
2006.05.03 02:56 B D:\trg\mysite2\images\servicesText296x20.jpg --> www.theroswellgroup.com /public_html/all_projects/mysite/images servicesText296x20.jpg
2006.05.03 02:57 B D:\trg\mysite2\images\servicesText296x20.jpg --> www.theroswellgroup.com /public_html/all_projects/mysite/images servicesText296x20.jpg
